2025-04-02 08:47:04.708 [background-preinit] INFO  o.h.validator.internal.util.Version - HV000001: Hibernate Validator 6.2.5.Final
2025-04-02 08:47:04.708 [main] INFO  c.e.e.ExcelAnalysisApplication - Starting ExcelAnalysisApplication using Java 1.8.0_431 on MacBook-Pro with PID 28035 (/Users/wohaocai/vscode/yidong/backend/target/classes started by wohaocai in /Users/wohaocai/vscode/yidong/backend)
2025-04-02 08:47:04.718 [main] DEBUG c.e.e.ExcelAnalysisApplication - Running with Spring Boot v2.7.13, Spring v5.3.28
2025-04-02 08:47:04.719 [main] INFO  c.e.e.ExcelAnalysisApplication - The following 1 profile is active: "dev"
2025-04-02 08:47:05.520 [main] INFO  o.s.d.r.c.RepositoryConfigurationDelegate - Bootstrapping Spring Data JPA repositories in DEFAULT mode.
2025-04-02 08:47:05.593 [main] INFO  o.s.d.r.c.RepositoryConfigurationDelegate - Finished Spring Data repository scanning in 60 ms. Found 4 JPA repository interfaces.
2025-04-02 08:47:06.218 [main] INFO  o.s.b.w.e.tomcat.TomcatWebServer - Tomcat initialized with port(s): 12111 (http)
2025-04-02 08:47:06.229 [main] INFO  o.a.coyote.http11.Http11NioProtocol - Initializing ProtocolHandler ["http-nio-12111"]
2025-04-02 08:47:06.231 [main] INFO  o.a.catalina.core.StandardService - Starting service [Tomcat]
2025-04-02 08:47:06.231 [main] INFO  o.a.catalina.core.StandardEngine - Starting Servlet engine: [Apache Tomcat/9.0.76]
2025-04-02 08:47:06.431 [main] INFO  o.a.c.c.C.[Tomcat].[localhost].[/] - Initializing Spring embedded WebApplicationContext
2025-04-02 08:47:06.432 [main] INFO  o.s.b.w.s.c.ServletWebServerApplicationContext - Root WebApplicationContext: initialization completed in 1627 ms
2025-04-02 08:47:06.594 [main] INFO  o.h.jpa.internal.util.LogHelper - HHH000204: Processing PersistenceUnitInfo [name: default]
2025-04-02 08:47:06.659 [main] INFO  org.hibernate.Version - HHH000412: Hibernate ORM core version 5.6.15.Final
2025-04-02 08:47:06.927 [main] INFO  o.h.annotations.common.Version - HCANN000001: Hibernate Commons Annotations {5.1.2.Final}
2025-04-02 08:47:07.084 [main] INFO  com.zaxxer.hikari.HikariDataSource - HikariPool-1 - Starting...
2025-04-02 08:47:07.331 [main] INFO  com.zaxxer.hikari.HikariDataSource - HikariPool-1 - Start completed.
2025-04-02 08:47:07.352 [main] INFO  org.hibernate.dialect.Dialect - HHH000400: Using dialect: org.hibernate.dialect.MySQL8Dialect
2025-04-02 08:47:08.357 [main] INFO  o.h.e.t.j.p.i.JtaPlatformInitiator - HHH000490: Using JtaPlatform implementation: [org.hibernate.engine.transaction.jta.platform.internal.NoJtaPlatform]
2025-04-02 08:47:08.375 [main] INFO  o.s.o.j.LocalContainerEntityManagerFactoryBean - Initialized JPA EntityManagerFactory for persistence unit 'default'
2025-04-02 08:47:08.927 [main] WARN  o.s.b.a.o.j.JpaBaseConfiguration$JpaWebConfiguration - spring.jpa.open-in-view is enabled by default. Therefore, database queries may be performed during view rendering. Explicitly configure spring.jpa.open-in-view to disable this warning
2025-04-02 08:47:09.098 [main] INFO  o.s.b.a.w.s.WelcomePageHandlerMapping - Adding welcome page: class path resource [static/index.html]
2025-04-02 08:47:09.379 [main] INFO  o.a.coyote.http11.Http11NioProtocol - Starting ProtocolHandler ["http-nio-12111"]
2025-04-02 08:47:09.414 [main] INFO  o.s.b.w.e.tomcat.TomcatWebServer - Tomcat started on port(s): 12111 (http) with context path ''
2025-04-02 08:47:09.429 [main] INFO  c.e.e.ExcelAnalysisApplication - Started ExcelAnalysisApplication in 5.337 seconds (JVM running for 5.831)
2025-04-02 08:47:36.879 [http-nio-12111-exec-1] INFO  o.a.c.c.C.[Tomcat].[localhost].[/] - Initializing Spring DispatcherServlet 'dispatcherServlet'
2025-04-02 08:47:36.879 [http-nio-12111-exec-1] INFO  o.s.web.servlet.DispatcherServlet - Initializing Servlet 'dispatcherServlet'
2025-04-02 08:47:36.883 [http-nio-12111-exec-1] INFO  o.s.web.servlet.DispatcherServlet - Completed initialization in 4 ms
2025-04-02 08:47:36.988 [http-nio-12111-exec-1] INFO  c.e.e.c.DataComparisonController - 接收到统计请求 - 日期: 2025-04-01, 网络类型: 4G
2025-04-02 08:47:36.990 [http-nio-12111-exec-1] INFO  c.e.e.c.DataComparisonController - 成功解析日期: 2025-04-01
2025-04-02 08:47:37.009 [http-nio-12111-exec-1] INFO  c.e.e.service.DataComparisonService - 获取统计数据 - 日期: 2025-04-01, 网络类型: 4G
2025-04-02 08:47:37.446 [http-nio-12111-exec-1] WARN  c.e.e.service.DataComparisonService - 未找到符合条件的数据 - 日期: 2025-04-01, 网络类型: 4G
2025-04-02 08:47:37.447 [http-nio-12111-exec-1] INFO  c.e.e.c.DataComparisonController - 返回数据总数: 0
2025-04-02 08:47:47.246 [http-nio-12111-exec-2] INFO  c.e.e.c.DataComparisonController - 接收到统计请求 - 日期: 2025-04-02, 网络类型: 4G
2025-04-02 08:47:47.246 [http-nio-12111-exec-2] INFO  c.e.e.c.DataComparisonController - 成功解析日期: 2025-04-02
2025-04-02 08:47:47.247 [http-nio-12111-exec-2] INFO  c.e.e.service.DataComparisonService - 获取统计数据 - 日期: 2025-04-02, 网络类型: 4G
2025-04-02 08:47:47.280 [http-nio-12111-exec-2] WARN  c.e.e.service.DataComparisonService - 未找到符合条件的数据 - 日期: 2025-04-02, 网络类型: 4G
2025-04-02 08:47:47.280 [http-nio-12111-exec-2] INFO  c.e.e.c.DataComparisonController - 返回数据总数: 0
2025-04-02 08:47:59.740 [http-nio-12111-exec-3] INFO  c.e.e.c.DataComparisonController - 收到模板下载请求
2025-04-02 08:47:59.740 [http-nio-12111-exec-3] INFO  c.e.e.service.DataComparisonService - 开始生成Excel模板
2025-04-02 08:48:00.548 [http-nio-12111-exec-3] INFO  c.e.e.service.DataComparisonService - Excel模板生成成功
2025-04-02 08:48:00.564 [http-nio-12111-exec-3] INFO  c.e.e.c.DataComparisonController - 成功生成Excel模板
2025-04-02 08:49:55.731 [http-nio-12111-exec-4] INFO  c.e.e.c.DataComparisonController - 收到文件上传请求: template (4).xlsx
2025-04-02 08:49:55.731 [http-nio-12111-exec-4] INFO  c.e.e.c.DataComparisonController - Content-Type: application/vnd.openxmlformats-officedocument.spreadsheetml.sheet
2025-04-02 08:49:55.731 [http-nio-12111-exec-4] INFO  c.e.e.c.DataComparisonController - File size: 9724 bytes
2025-04-02 08:49:55.732 [http-nio-12111-exec-4] DEBUG c.e.e.c.DataComparisonController - 文件类型: application/vnd.openxmlformats-officedocument.spreadsheetml.sheet, 文件名: template (4).xlsx
2025-04-02 08:49:55.732 [http-nio-12111-exec-4] INFO  c.e.e.c.DataComparisonController - 开始处理上传的文件
2025-04-02 08:49:55.744 [http-nio-12111-exec-4] INFO  c.e.e.service.DataComparisonService - 开始处理上传的Excel文件，类型: import
2025-04-02 08:49:55.746 [http-nio-12111-exec-4] INFO  c.e.excelanalysis.util.ExcelUtil - 开始读取Excel文件
2025-04-02 08:49:56.103 [http-nio-12111-exec-4] INFO  c.e.excelanalysis.util.ExcelUtil - 成功解析 2 条Excel记录
2025-04-02 08:49:56.330 [http-nio-12111-exec-4] INFO  c.e.e.service.DataComparisonService - 成功处理 2 条记录
2025-04-02 08:49:56.354 [http-nio-12111-exec-4] INFO  c.e.e.c.DataComparisonController - 文件处理成功
2025-04-02 08:49:56.376 [http-nio-12111-exec-5] INFO  c.e.e.c.DataComparisonController - 接收到统计请求 - 日期: 2025-04-02, 网络类型: 4G
2025-04-02 08:49:56.376 [http-nio-12111-exec-5] INFO  c.e.e.c.DataComparisonController - 成功解析日期: 2025-04-02
2025-04-02 08:49:56.376 [http-nio-12111-exec-5] INFO  c.e.e.service.DataComparisonService - 获取统计数据 - 日期: 2025-04-02, 网络类型: 4G
2025-04-02 08:49:56.386 [http-nio-12111-exec-5] INFO  c.e.e.service.DataComparisonService - 统计数据获取成功，找到 1 条记录
2025-04-02 08:49:56.386 [http-nio-12111-exec-5] INFO  c.e.e.c.DataComparisonController - 返回数据总数: 1
2025-04-02 09:03:31.424 [http-nio-12111-exec-6] INFO  c.e.e.c.DataComparisonController - 收到文件上传请求: template (4).xlsx
2025-04-02 09:03:31.427 [http-nio-12111-exec-6] INFO  c.e.e.c.DataComparisonController - Content-Type: application/vnd.openxmlformats-officedocument.spreadsheetml.sheet
2025-04-02 09:03:31.427 [http-nio-12111-exec-6] INFO  c.e.e.c.DataComparisonController - File size: 9721 bytes
2025-04-02 09:03:31.427 [http-nio-12111-exec-6] DEBUG c.e.e.c.DataComparisonController - 文件类型: application/vnd.openxmlformats-officedocument.spreadsheetml.sheet, 文件名: template (4).xlsx
2025-04-02 09:03:31.428 [http-nio-12111-exec-6] INFO  c.e.e.c.DataComparisonController - 开始处理上传的文件
2025-04-02 09:03:31.438 [http-nio-12111-exec-6] INFO  c.e.e.service.DataComparisonService - 开始处理上传的Excel文件，类型: import
2025-04-02 09:03:31.439 [http-nio-12111-exec-6] INFO  c.e.excelanalysis.util.ExcelUtil - 开始读取Excel文件
2025-04-02 09:03:31.491 [http-nio-12111-exec-6] INFO  c.e.excelanalysis.util.ExcelUtil - 成功解析 2 条Excel记录
2025-04-02 09:03:31.575 [http-nio-12111-exec-6] INFO  c.e.e.service.DataComparisonService - 成功处理 2 条记录
2025-04-02 09:03:31.592 [http-nio-12111-exec-6] INFO  c.e.e.c.DataComparisonController - 文件处理成功
2025-04-02 09:03:31.644 [http-nio-12111-exec-7] INFO  c.e.e.c.DataComparisonController - 接收到统计请求 - 日期: 2025-04-02, 网络类型: 4G
2025-04-02 09:03:31.644 [http-nio-12111-exec-7] INFO  c.e.e.c.DataComparisonController - 成功解析日期: 2025-04-02
2025-04-02 09:03:31.645 [http-nio-12111-exec-7] INFO  c.e.e.service.DataComparisonService - 获取统计数据 - 日期: 2025-04-02, 网络类型: 4G
2025-04-02 09:03:31.653 [http-nio-12111-exec-7] INFO  c.e.e.service.DataComparisonService - 统计数据获取成功，找到 1 条记录
2025-04-02 09:03:31.653 [http-nio-12111-exec-7] INFO  c.e.e.c.DataComparisonController - 返回数据总数: 1
2025-04-02 09:04:02.211 [http-nio-12111-exec-8] INFO  c.e.e.c.DataComparisonController - 接收到统计请求 - 日期: 2025-04-02, 网络类型: 5G
2025-04-02 09:04:02.212 [http-nio-12111-exec-8] INFO  c.e.e.c.DataComparisonController - 成功解析日期: 2025-04-02
2025-04-02 09:04:02.212 [http-nio-12111-exec-8] INFO  c.e.e.service.DataComparisonService - 获取统计数据 - 日期: 2025-04-02, 网络类型: 5G
2025-04-02 09:04:02.226 [http-nio-12111-exec-8] INFO  c.e.e.service.DataComparisonService - 统计数据获取成功，找到 1 条记录
2025-04-02 09:04:02.226 [http-nio-12111-exec-8] INFO  c.e.e.c.DataComparisonController - 返回数据总数: 1
2025-04-02 09:14:15.963 [http-nio-12111-exec-9] INFO  c.e.e.c.DataComparisonController - 收到文件上传请求: template (4).xlsx
2025-04-02 09:14:15.968 [http-nio-12111-exec-9] INFO  c.e.e.c.DataComparisonController - Content-Type: application/vnd.openxmlformats-officedocument.spreadsheetml.sheet
2025-04-02 09:14:15.969 [http-nio-12111-exec-9] INFO  c.e.e.c.DataComparisonController - File size: 9741 bytes
2025-04-02 09:14:15.970 [http-nio-12111-exec-9] DEBUG c.e.e.c.DataComparisonController - 文件类型: application/vnd.openxmlformats-officedocument.spreadsheetml.sheet, 文件名: template (4).xlsx
2025-04-02 09:14:15.970 [http-nio-12111-exec-9] INFO  c.e.e.c.DataComparisonController - 开始处理上传的文件
2025-04-02 09:14:15.986 [http-nio-12111-exec-9] INFO  c.e.e.service.DataComparisonService - 开始处理上传的Excel文件，类型: import
2025-04-02 09:14:15.987 [http-nio-12111-exec-9] INFO  c.e.excelanalysis.util.ExcelUtil - 开始读取Excel文件
2025-04-02 09:14:16.215 [http-nio-12111-exec-9] INFO  c.e.excelanalysis.util.ExcelUtil - 成功解析 2 条Excel记录
2025-04-02 09:14:16.264 [http-nio-12111-exec-9] INFO  c.e.e.service.DataComparisonService - 成功处理 2 条记录
2025-04-02 09:14:16.274 [http-nio-12111-exec-9] INFO  c.e.e.c.DataComparisonController - 文件处理成功
2025-04-02 09:14:16.343 [http-nio-12111-exec-10] INFO  c.e.e.c.DataComparisonController - 接收到统计请求 - 日期: 2025-04-02, 网络类型: 5G
2025-04-02 09:14:16.344 [http-nio-12111-exec-10] INFO  c.e.e.c.DataComparisonController - 成功解析日期: 2025-04-02
2025-04-02 09:14:16.344 [http-nio-12111-exec-10] INFO  c.e.e.service.DataComparisonService - 获取统计数据 - 日期: 2025-04-02, 网络类型: 5G
2025-04-02 09:14:16.352 [http-nio-12111-exec-10] INFO  c.e.e.service.DataComparisonService - 统计数据获取成功，找到 1 条记录
2025-04-02 09:14:16.353 [http-nio-12111-exec-10] INFO  c.e.e.c.DataComparisonController - 返回数据总数: 1
2025-04-02 10:15:10.346 [SpringApplicationShutdownHook] INFO  o.s.o.j.LocalContainerEntityManagerFactoryBean - Closing JPA EntityManagerFactory for persistence unit 'default'
2025-04-02 10:15:10.382 [SpringApplicationShutdownHook] INFO  com.zaxxer.hikari.HikariDataSource - HikariPool-1 - Shutdown initiated...
2025-04-02 10:15:10.408 [SpringApplicationShutdownHook] INFO  com.zaxxer.hikari.HikariDataSource - HikariPool-1 - Shutdown completed.
