2025-03-28 15:28:30.829 [background-preinit] INFO  o.h.validator.internal.util.Version - HV000001: Hibernate Validator 6.2.5.Final
2025-03-28 15:28:30.831 [main] INFO  c.e.e.ExcelAnalysisApplication - Starting ExcelAnalysisApplication using Java 1.8.0_431 on MacBook-Pro with PID 61599 (/Users/wohaocai/vscode/yidong/backend/target/classes started by wohaocai in /Users/wohaocai/vscode/yidong/backend)
2025-03-28 15:28:30.843 [main] DEBUG c.e.e.ExcelAnalysisApplication - Running with Spring Boot v2.7.13, Spring v5.3.28
2025-03-28 15:28:30.845 [main] INFO  c.e.e.ExcelAnalysisApplication - The following 1 profile is active: "dev"
2025-03-28 15:28:31.953 [main] INFO  o.s.d.r.c.RepositoryConfigurationDelegate - Bootstrapping Spring Data JPA repositories in DEFAULT mode.
2025-03-28 15:28:32.068 [main] INFO  o.s.d.r.c.RepositoryConfigurationDelegate - Finished Spring Data repository scanning in 96 ms. Found 4 JPA repository interfaces.
2025-03-28 15:28:33.371 [main] INFO  o.s.b.w.e.tomcat.TomcatWebServer - Tomcat initialized with port(s): 8081 (http)
2025-03-28 15:28:33.388 [main] INFO  o.a.coyote.http11.Http11NioProtocol - Initializing ProtocolHandler ["http-nio-8081"]
2025-03-28 15:28:33.496 [main] INFO  o.a.catalina.core.StandardService - Starting service [Tomcat]
2025-03-28 15:28:33.497 [main] INFO  o.a.catalina.core.StandardEngine - Starting Servlet engine: [Apache Tomcat/9.0.76]
2025-03-28 15:28:34.104 [main] INFO  o.a.c.c.C.[Tomcat].[localhost].[/] - Initializing Spring embedded WebApplicationContext
2025-03-28 15:28:34.106 [main] INFO  o.s.b.w.s.c.ServletWebServerApplicationContext - Root WebApplicationContext: initialization completed in 3172 ms
2025-03-28 15:28:34.628 [main] INFO  o.h.jpa.internal.util.LogHelper - HHH000204: Processing PersistenceUnitInfo [name: default]
2025-03-28 15:28:34.769 [main] INFO  org.hibernate.Version - HHH000412: Hibernate ORM core version 5.6.15.Final
2025-03-28 15:28:35.364 [main] INFO  o.h.annotations.common.Version - HCANN000001: Hibernate Commons Annotations {5.1.2.Final}
2025-03-28 15:28:35.797 [main] INFO  com.zaxxer.hikari.HikariDataSource - HikariPool-1 - Starting...
2025-03-28 15:28:36.313 [main] INFO  com.zaxxer.hikari.HikariDataSource - HikariPool-1 - Start completed.
2025-03-28 15:28:36.339 [main] INFO  org.hibernate.dialect.Dialect - HHH000400: Using dialect: org.hibernate.dialect.MySQL8Dialect
2025-03-28 15:28:36.756 [main] INFO  o.h.e.t.j.p.i.JtaPlatformInitiator - HHH000490: Using JtaPlatform implementation: [org.hibernate.engine.transaction.jta.platform.internal.NoJtaPlatform]
2025-03-28 15:28:36.792 [main] INFO  o.s.o.j.LocalContainerEntityManagerFactoryBean - Initialized JPA EntityManagerFactory for persistence unit 'default'
2025-03-28 15:28:36.822 [main] WARN  o.s.b.w.s.c.AnnotationConfigServletWebServerApplicationContext - Exception encountered during context initialization - cancelling refresh attempt: org.springframework.beans.factory.UnsatisfiedDependencyException: Error creating bean with name 'dataComparisonController': Unsatisfied dependency expressed through field 'dataComparisonService'; nested exception is org.springframework.beans.factory.BeanCreationException: Error creating bean with name 'dataComparisonService': Lookup method resolution failed; nested exception is java.lang.IllegalStateException: Failed to introspect Class [com.example.excelanalysis.service.DataComparisonService] from ClassLoader [sun.misc.Launcher$AppClassLoader@1ed6993a]
2025-03-28 15:28:36.823 [main] INFO  o.s.o.j.LocalContainerEntityManagerFactoryBean - Closing JPA EntityManagerFactory for persistence unit 'default'
2025-03-28 15:28:36.832 [main] INFO  com.zaxxer.hikari.HikariDataSource - HikariPool-1 - Shutdown initiated...
2025-03-28 15:28:36.928 [main] INFO  com.zaxxer.hikari.HikariDataSource - HikariPool-1 - Shutdown completed.
2025-03-28 15:28:36.931 [main] INFO  o.a.catalina.core.StandardService - Stopping service [Tomcat]
2025-03-28 15:28:36.956 [main] INFO  o.s.b.a.l.ConditionEvaluationReportLoggingListener - 

Error starting ApplicationContext. To display the conditions report re-run your application with 'debug' enabled.
2025-03-28 15:28:37.010 [main] ERROR o.s.boot.SpringApplication - Application run failed
org.springframework.beans.factory.UnsatisfiedDependencyException: Error creating bean with name 'dataComparisonController': Unsatisfied dependency expressed through field 'dataComparisonService'; nested exception is org.springframework.beans.factory.BeanCreationException: Error creating bean with name 'dataComparisonService': Lookup method resolution failed; nested exception is java.lang.IllegalStateException: Failed to introspect Class [com.example.excelanalysis.service.DataComparisonService] from ClassLoader [sun.misc.Launcher$AppClassLoader@1ed6993a]
	at org.springframework.beans.factory.annotation.AutowiredAnnotationBeanPostProcessor$AutowiredFieldElement.resolveFieldValue(AutowiredAnnotationBeanPostProcessor.java:660)
	at org.springframework.beans.factory.annotation.AutowiredAnnotationBeanPostProcessor$AutowiredFieldElement.inject(AutowiredAnnotationBeanPostProcessor.java:640)
	at org.springframework.beans.factory.annotation.InjectionMetadata.inject(InjectionMetadata.java:119)
	at org.springframework.beans.factory.annotation.AutowiredAnnotationBeanPostProcessor.postProcessProperties(AutowiredAnnotationBeanPostProcessor.java:399)
	at org.springframework.beans.factory.support.AbstractAutowireCapableBeanFactory.populateBean(AbstractAutowireCapableBeanFactory.java:1431)
	at org.springframework.beans.factory.support.AbstractAutowireCapableBeanFactory.doCreateBean(AbstractAutowireCapableBeanFactory.java:619)
	at org.springframework.beans.factory.support.AbstractAutowireCapableBeanFactory.createBean(AbstractAutowireCapableBeanFactory.java:542)
	at org.springframework.beans.factory.support.AbstractBeanFactory.lambda$doGetBean$0(AbstractBeanFactory.java:335)
	at org.springframework.beans.factory.support.DefaultSingletonBeanRegistry.getSingleton(DefaultSingletonBeanRegistry.java:234)
	at org.springframework.beans.factory.support.AbstractBeanFactory.doGetBean(AbstractBeanFactory.java:333)
	at org.springframework.beans.factory.support.AbstractBeanFactory.getBean(AbstractBeanFactory.java:208)
	at org.springframework.beans.factory.support.DefaultListableBeanFactory.preInstantiateSingletons(DefaultListableBeanFactory.java:955)
	at org.springframework.context.support.AbstractApplicationContext.finishBeanFactoryInitialization(AbstractApplicationContext.java:920)
	at org.springframework.context.support.AbstractApplicationContext.refresh(AbstractApplicationContext.java:583)
	at org.springframework.boot.web.servlet.context.ServletWebServerApplicationContext.refresh(ServletWebServerApplicationContext.java:147)
	at org.springframework.boot.SpringApplication.refresh(SpringApplication.java:731)
	at org.springframework.boot.SpringApplication.refreshContext(SpringApplication.java:408)
	at org.springframework.boot.SpringApplication.run(SpringApplication.java:307)
	at org.springframework.boot.SpringApplication.run(SpringApplication.java:1303)
	at org.springframework.boot.SpringApplication.run(SpringApplication.java:1292)
	at com.example.excelanalysis.ExcelAnalysisApplication.main(ExcelAnalysisApplication.java:13)
Caused by: org.springframework.beans.factory.BeanCreationException: Error creating bean with name 'dataComparisonService': Lookup method resolution failed; nested exception is java.lang.IllegalStateException: Failed to introspect Class [com.example.excelanalysis.service.DataComparisonService] from ClassLoader [sun.misc.Launcher$AppClassLoader@1ed6993a]
	at org.springframework.beans.factory.annotation.AutowiredAnnotationBeanPostProcessor.determineCandidateConstructors(AutowiredAnnotationBeanPostProcessor.java:289)
	at org.springframework.beans.factory.support.AbstractAutowireCapableBeanFactory.determineConstructorsFromBeanPostProcessors(AbstractAutowireCapableBeanFactory.java:1302)
	at org.springframework.beans.factory.support.AbstractAutowireCapableBeanFactory.createBeanInstance(AbstractAutowireCapableBeanFactory.java:1219)
	at org.springframework.beans.factory.support.AbstractAutowireCapableBeanFactory.doCreateBean(AbstractAutowireCapableBeanFactory.java:582)
	at org.springframework.beans.factory.support.AbstractAutowireCapableBeanFactory.createBean(AbstractAutowireCapableBeanFactory.java:542)
	at org.springframework.beans.factory.support.AbstractBeanFactory.lambda$doGetBean$0(AbstractBeanFactory.java:335)
	at org.springframework.beans.factory.support.DefaultSingletonBeanRegistry.getSingleton(DefaultSingletonBeanRegistry.java:234)
	at org.springframework.beans.factory.support.AbstractBeanFactory.doGetBean(AbstractBeanFactory.java:333)
	at org.springframework.beans.factory.support.AbstractBeanFactory.getBean(AbstractBeanFactory.java:208)
	at org.springframework.beans.factory.config.DependencyDescriptor.resolveCandidate(DependencyDescriptor.java:276)
	at org.springframework.beans.factory.support.DefaultListableBeanFactory.doResolveDependency(DefaultListableBeanFactory.java:1391)
	at org.springframework.beans.factory.support.DefaultListableBeanFactory.resolveDependency(DefaultListableBeanFactory.java:1311)
	at org.springframework.beans.factory.annotation.AutowiredAnnotationBeanPostProcessor$AutowiredFieldElement.resolveFieldValue(AutowiredAnnotationBeanPostProcessor.java:657)
	... 20 common frames omitted
Caused by: java.lang.IllegalStateException: Failed to introspect Class [com.example.excelanalysis.service.DataComparisonService] from ClassLoader [sun.misc.Launcher$AppClassLoader@1ed6993a]
	at org.springframework.util.ReflectionUtils.getDeclaredMethods(ReflectionUtils.java:485)
	at org.springframework.util.ReflectionUtils.doWithLocalMethods(ReflectionUtils.java:321)
	at org.springframework.beans.factory.annotation.AutowiredAnnotationBeanPostProcessor.determineCandidateConstructors(AutowiredAnnotationBeanPostProcessor.java:267)
	... 32 common frames omitted
Caused by: java.lang.NoClassDefFoundError: com/example/excelanalysis/dto/DataStatisticsResponse
	at java.lang.Class.getDeclaredMethods0(Native Method)
	at java.lang.Class.privateGetDeclaredMethods(Class.java:2701)
	at java.lang.Class.getDeclaredMethods(Class.java:1975)
	at org.springframework.util.ReflectionUtils.getDeclaredMethods(ReflectionUtils.java:467)
	... 34 common frames omitted
Caused by: java.lang.ClassNotFoundException: com.example.excelanalysis.dto.DataStatisticsResponse
	at java.net.URLClassLoader.findClass(URLClassLoader.java:387)
	at java.lang.ClassLoader.loadClass(ClassLoader.java:418)
	at sun.misc.Launcher$AppClassLoader.loadClass(Launcher.java:359)
	at java.lang.ClassLoader.loadClass(ClassLoader.java:351)
	... 38 common frames omitted
2025-03-28 15:29:48.522 [main] INFO  c.e.e.ExcelAnalysisApplication - Starting ExcelAnalysisApplication using Java 1.8.0_431 on MacBook-Pro with PID 61913 (/Users/wohaocai/vscode/yidong/backend/target/classes started by wohaocai in /Users/wohaocai/vscode/yidong/backend)
2025-03-28 15:29:48.521 [background-preinit] INFO  o.h.validator.internal.util.Version - HV000001: Hibernate Validator 6.2.5.Final
2025-03-28 15:29:48.524 [main] DEBUG c.e.e.ExcelAnalysisApplication - Running with Spring Boot v2.7.13, Spring v5.3.28
2025-03-28 15:29:48.525 [main] INFO  c.e.e.ExcelAnalysisApplication - The following 1 profile is active: "dev"
2025-03-28 15:29:49.265 [main] INFO  o.s.d.r.c.RepositoryConfigurationDelegate - Bootstrapping Spring Data JPA repositories in DEFAULT mode.
2025-03-28 15:29:49.334 [main] INFO  o.s.d.r.c.RepositoryConfigurationDelegate - Finished Spring Data repository scanning in 56 ms. Found 4 JPA repository interfaces.
2025-03-28 15:29:49.879 [main] INFO  o.s.b.w.e.tomcat.TomcatWebServer - Tomcat initialized with port(s): 8081 (http)
2025-03-28 15:29:49.889 [main] INFO  o.a.coyote.http11.Http11NioProtocol - Initializing ProtocolHandler ["http-nio-8081"]
2025-03-28 15:29:49.892 [main] INFO  o.a.catalina.core.StandardService - Starting service [Tomcat]
2025-03-28 15:29:49.893 [main] INFO  o.a.catalina.core.StandardEngine - Starting Servlet engine: [Apache Tomcat/9.0.76]
2025-03-28 15:29:50.059 [main] INFO  o.a.c.c.C.[Tomcat].[localhost].[/] - Initializing Spring embedded WebApplicationContext
2025-03-28 15:29:50.059 [main] INFO  o.s.b.w.s.c.ServletWebServerApplicationContext - Root WebApplicationContext: initialization completed in 1478 ms
2025-03-28 15:29:50.195 [main] INFO  o.h.jpa.internal.util.LogHelper - HHH000204: Processing PersistenceUnitInfo [name: default]
2025-03-28 15:29:50.249 [main] INFO  org.hibernate.Version - HHH000412: Hibernate ORM core version 5.6.15.Final
2025-03-28 15:29:50.481 [main] INFO  o.h.annotations.common.Version - HCANN000001: Hibernate Commons Annotations {5.1.2.Final}
2025-03-28 15:29:50.589 [main] INFO  com.zaxxer.hikari.HikariDataSource - HikariPool-1 - Starting...
2025-03-28 15:29:50.769 [main] INFO  com.zaxxer.hikari.HikariDataSource - HikariPool-1 - Start completed.
2025-03-28 15:29:50.787 [main] INFO  org.hibernate.dialect.Dialect - HHH000400: Using dialect: org.hibernate.dialect.MySQL8Dialect
2025-03-28 15:29:51.548 [main] INFO  o.h.e.t.j.p.i.JtaPlatformInitiator - HHH000490: Using JtaPlatform implementation: [org.hibernate.engine.transaction.jta.platform.internal.NoJtaPlatform]
2025-03-28 15:29:51.562 [main] INFO  o.s.o.j.LocalContainerEntityManagerFactoryBean - Initialized JPA EntityManagerFactory for persistence unit 'default'
2025-03-28 15:29:51.998 [main] WARN  o.s.b.a.o.j.JpaBaseConfiguration$JpaWebConfiguration - spring.jpa.open-in-view is enabled by default. Therefore, database queries may be performed during view rendering. Explicitly configure spring.jpa.open-in-view to disable this warning
2025-03-28 15:29:52.142 [main] INFO  o.s.b.a.w.s.WelcomePageHandlerMapping - Adding welcome page: class path resource [static/index.html]
2025-03-28 15:29:52.365 [main] INFO  o.a.coyote.http11.Http11NioProtocol - Starting ProtocolHandler ["http-nio-8081"]
2025-03-28 15:29:52.386 [main] INFO  o.s.b.w.e.tomcat.TomcatWebServer - Tomcat started on port(s): 8081 (http) with context path ''
2025-03-28 15:29:52.397 [main] INFO  c.e.e.ExcelAnalysisApplication - Started ExcelAnalysisApplication in 4.44 seconds (JVM running for 4.842)
2025-03-28 15:31:13.388 [http-nio-8081-exec-1] INFO  o.a.c.c.C.[Tomcat].[localhost].[/] - Initializing Spring DispatcherServlet 'dispatcherServlet'
2025-03-28 15:31:13.389 [http-nio-8081-exec-1] INFO  o.s.web.servlet.DispatcherServlet - Initializing Servlet 'dispatcherServlet'
2025-03-28 15:31:13.399 [http-nio-8081-exec-1] INFO  o.s.web.servlet.DispatcherServlet - Completed initialization in 9 ms
2025-03-28 15:31:13.568 [http-nio-8081-exec-1] INFO  c.e.e.c.DataComparisonController - 接收到统计请求 - 日期: 2025-03-27, 网络类型: 4G
2025-03-28 15:31:13.571 [http-nio-8081-exec-1] INFO  c.e.e.c.DataComparisonController - 成功解析日期: 2025-03-27
2025-03-28 15:31:13.604 [http-nio-8081-exec-1] INFO  c.e.e.service.DataComparisonService - 获取统计数据 - 日期: 2025-03-27, 网络类型: 4G
2025-03-28 15:31:13.855 [http-nio-8081-exec-1] WARN  c.e.e.service.DataComparisonService - 未找到符合条件的数据 - 日期: 2025-03-27, 网络类型: 4G
2025-03-28 15:31:13.856 [http-nio-8081-exec-1] INFO  c.e.e.c.DataComparisonController - 返回数据总数: 0
2025-03-28 15:31:22.357 [http-nio-8081-exec-2] INFO  c.e.e.c.DataComparisonController - 接收到统计请求 - 日期: 2024-01-01, 网络类型: 4G
2025-03-28 15:31:22.357 [http-nio-8081-exec-2] INFO  c.e.e.c.DataComparisonController - 成功解析日期: 2024-01-01
2025-03-28 15:31:22.358 [http-nio-8081-exec-2] INFO  c.e.e.service.DataComparisonService - 获取统计数据 - 日期: 2024-01-01, 网络类型: 4G
2025-03-28 15:31:22.384 [http-nio-8081-exec-2] INFO  c.e.e.service.DataComparisonService - 统计数据获取成功，找到 1 条记录
2025-03-28 15:31:22.384 [http-nio-8081-exec-2] INFO  c.e.e.c.DataComparisonController - 返回数据总数: 1
